[0.000000] (-) TimerEvent: {}
[0.000249] (base_link_description) JobQueued: {'identifier': 'base_link_description', 'dependencies': OrderedDict()}
[0.000437] (base_link_description) JobStarted: {'identifier': 'base_link_description'}
[0.099950] (-) TimerEvent: {}
[0.200230] (-) TimerEvent: {}
[0.300486] (-) TimerEvent: {}
[0.400801] (-) TimerEvent: {}
[0.461673] (base_link_description) Command: {'cmd': ['/usr/bin/python3', '-W', 'ignore:setup.py install is deprecated', 'setup.py', 'egg_info', '--egg-base', '../../build/base_link_description', 'build', '--build-base', '/home/host/ros2_ws/build/base_link_description/build', 'install', '--record', '/home/host/ros2_ws/build/base_link_description/install.log', '--install-scripts', '$base/lib/base_link_description', '--single-version-externally-managed', 'install_data'], 'cwd': '/home/host/ros2_ws/src/base_link_description', 'env': {'HOSTNAME': 'parsabook', 'SHLVL': '1', 'LD_LIBRARY_PATH': '/usr/lib/x86_64-linux-gnu/gazebo-11/plugins:/opt/ros/humble/opt/rviz_ogre_vendor/lib:/opt/ros/humble/lib/x86_64-linux-gnu:/opt/ros/humble/lib', 'HOME': '/home/host', 'OLDPWD': '/home/host/ros2_ws/src', 'ROS_PYTHON_VERSION': '3', 'ROS_DISTRO': 'humble', '_': '/usr/bin/colcon', 'ROS_VERSION': '2', 'TERM': 'xterm', 'ROS_LOCALHOST_ONLY': '0', 'PATH': '/opt/ros/humble/bin:/usr/local/sbin:/usr/local/bin:/usr/sbin:/usr/bin:/sbin:/bin', 'DISPLAY': ':1', 'LANG': 'C.UTF-8', 'AMENT_PREFIX_PATH': '/opt/ros/humble', 'PWD': '/home/host/ros2_ws/build/base_link_description', 'LC_ALL': 'C.UTF-8', 'PYTHONPATH': '/home/host/ros2_ws/build/base_link_description/prefix_override:/usr/lib/python3/dist-packages/colcon_core/task/python/colcon_distutils_commands:/home/host/ros2_ws/install/base_link_description/lib/python3.10/site-packages:/opt/ros/humble/lib/python3.10/site-packages:/opt/ros/humble/local/lib/python3.10/dist-packages', 'TZ': 'America/Sao_Paulo', 'COLCON': '1'}, 'shell': False}
[0.500939] (-) TimerEvent: {}
[0.588708] (base_link_description) StderrLine: {'line': b"/usr/lib/python3/dist-packages/setuptools/dist.py:723: UserWarning: Usage of dash-separated 'script-dir' will not be supported in future versions. Please use the underscore name 'script_dir' instead\n"}
[0.588837] (base_link_description) StderrLine: {'line': b'  warnings.warn(\n'}
[0.593461] (base_link_description) StdoutLine: {'line': b'running egg_info\n'}
[0.593772] (base_link_description) StdoutLine: {'line': b'creating ../../build/base_link_description/base_link_description.egg-info\n'}
[0.593831] (base_link_description) StdoutLine: {'line': b'writing ../../build/base_link_description/base_link_description.egg-info/PKG-INFO\n'}
[0.593946] (base_link_description) StdoutLine: {'line': b'writing dependency_links to ../../build/base_link_description/base_link_description.egg-info/dependency_links.txt\n'}
[0.593980] (base_link_description) StdoutLine: {'line': b'writing entry points to ../../build/base_link_description/base_link_description.egg-info/entry_points.txt\n'}
[0.594013] (base_link_description) StdoutLine: {'line': b'writing requirements to ../../build/base_link_description/base_link_description.egg-info/requires.txt\n'}
[0.594060] (base_link_description) StdoutLine: {'line': b'writing top-level names to ../../build/base_link_description/base_link_description.egg-info/top_level.txt\n'}
[0.594105] (base_link_description) StdoutLine: {'line': b"writing manifest file '../../build/base_link_description/base_link_description.egg-info/SOURCES.txt'\n"}
[0.595111] (base_link_description) StdoutLine: {'line': b"reading manifest file '../../build/base_link_description/base_link_description.egg-info/SOURCES.txt'\n"}
[0.595698] (base_link_description) StdoutLine: {'line': b"writing manifest file '../../build/base_link_description/base_link_description.egg-info/SOURCES.txt'\n"}
[0.595785] (base_link_description) StdoutLine: {'line': b'running build\n'}
[0.595823] (base_link_description) StdoutLine: {'line': b'running build_py\n'}
[0.595859] (base_link_description) StdoutLine: {'line': b'creating /home/host/ros2_ws/build/base_link_description/build\n'}
[0.595912] (base_link_description) StdoutLine: {'line': b'creating /home/host/ros2_ws/build/base_link_description/build/lib\n'}
[0.595943] (base_link_description) StdoutLine: {'line': b'creating /home/host/ros2_ws/build/base_link_description/build/lib/base_link_description\n'}
[0.595974] (base_link_description) StdoutLine: {'line': b'copying base_link_description/__init__.py -> /home/host/ros2_ws/build/base_link_description/build/lib/base_link_description\n'}
[0.596003] (base_link_description) StdoutLine: {'line': b'running install\n'}
[0.596049] (base_link_description) StdoutLine: {'line': b'running install_lib\n'}
[0.596549] (base_link_description) StdoutLine: {'line': b'creating /home/host/ros2_ws/install/base_link_description/lib/python3.10/site-packages/base_link_description\n'}
[0.596614] (base_link_description) StdoutLine: {'line': b'copying /home/host/ros2_ws/build/base_link_description/build/lib/base_link_description/__init__.py -> /home/host/ros2_ws/install/base_link_description/lib/python3.10/site-packages/base_link_description\n'}
[0.596787] (base_link_description) StdoutLine: {'line': b'byte-compiling /home/host/ros2_ws/install/base_link_description/lib/python3.10/site-packages/base_link_description/__init__.py to __init__.cpython-310.pyc\n'}
[0.596907] (base_link_description) StdoutLine: {'line': b'running install_data\n'}
[0.596962] (base_link_description) StdoutLine: {'line': b'creating /home/host/ros2_ws/install/base_link_description/share/ament_index\n'}
[0.597016] (base_link_description) StdoutLine: {'line': b'creating /home/host/ros2_ws/install/base_link_description/share/ament_index/resource_index\n'}
[0.597052] (base_link_description) StdoutLine: {'line': b'creating /home/host/ros2_ws/install/base_link_description/share/ament_index/resource_index/packages\n'}
[0.597086] (base_link_description) StdoutLine: {'line': b'copying resource/base_link_description -> /home/host/ros2_ws/install/base_link_description/share/ament_index/resource_index/packages\n'}
[0.597133] (base_link_description) StdoutLine: {'line': b'copying package.xml -> /home/host/ros2_ws/install/base_link_description/share/base_link_description\n'}
[0.597191] (base_link_description) StdoutLine: {'line': b'creating /home/host/ros2_ws/install/base_link_description/share/base_link_description/launch\n'}
[0.597231] (base_link_description) StdoutLine: {'line': b'copying launch/display.launch.py -> /home/host/ros2_ws/install/base_link_description/share/base_link_description/launch\n'}
[0.597266] (base_link_description) StdoutLine: {'line': b'copying launch/gazebo.launch.py -> /home/host/ros2_ws/install/base_link_description/share/base_link_description/launch\n'}
[0.597322] (base_link_description) StdoutLine: {'line': b'creating /home/host/ros2_ws/install/base_link_description/share/base_link_description/urdf\n'}
[0.597358] (base_link_description) StdoutLine: {'line': b'copying urdf/base_link.gazebo -> /home/host/ros2_ws/install/base_link_description/share/base_link_description/urdf\n'}
[0.597392] (base_link_description) StdoutLine: {'line': b'copying urdf/base_link.trans -> /home/host/ros2_ws/install/base_link_description/share/base_link_description/urdf\n'}
[0.597432] (base_link_description) StdoutLine: {'line': b'copying urdf/materials.xacro -> /home/host/ros2_ws/install/base_link_description/share/base_link_description/urdf\n'}
[0.597487] (base_link_description) StdoutLine: {'line': b'copying urdf/base_link.xacro -> /home/host/ros2_ws/install/base_link_description/share/base_link_description/urdf\n'}
[0.597519] (base_link_description) StdoutLine: {'line': b'creating /home/host/ros2_ws/install/base_link_description/share/base_link_description/meshes\n'}
[0.597551] (base_link_description) StdoutLine: {'line': b'copying meshes/link1_1.stl -> /home/host/ros2_ws/install/base_link_description/share/base_link_description/meshes\n'}
[0.597595] (base_link_description) StdoutLine: {'line': b'copying meshes/link2_1.stl -> /home/host/ros2_ws/install/base_link_description/share/base_link_description/meshes\n'}
[0.597643] (base_link_description) StdoutLine: {'line': b'copying meshes/limb3_1.stl -> /home/host/ros2_ws/install/base_link_description/share/base_link_description/meshes\n'}
[0.598080] (base_link_description) StdoutLine: {'line': b'copying meshes/base_link.stl -> /home/host/ros2_ws/install/base_link_description/share/base_link_description/meshes\n'}
[0.598268] (base_link_description) StdoutLine: {'line': b'copying meshes/limb2_1.stl -> /home/host/ros2_ws/install/base_link_description/share/base_link_description/meshes\n'}
[0.598818] (base_link_description) StdoutLine: {'line': b'copying meshes/link3_1.stl -> /home/host/ros2_ws/install/base_link_description/share/base_link_description/meshes\n'}
[0.599011] (base_link_description) StdoutLine: {'line': b'copying meshes/limb1_1.stl -> /home/host/ros2_ws/install/base_link_description/share/base_link_description/meshes\n'}
[0.599350] (base_link_description) StdoutLine: {'line': b'creating /home/host/ros2_ws/install/base_link_description/share/base_link_description/config\n'}
[0.599410] (base_link_description) StdoutLine: {'line': b'copying config/display.rviz -> /home/host/ros2_ws/install/base_link_description/share/base_link_description/config\n'}
[0.599444] (base_link_description) StdoutLine: {'line': b'running install_egg_info\n'}
[0.600455] (base_link_description) StdoutLine: {'line': b'Copying ../../build/base_link_description/base_link_description.egg-info to /home/host/ros2_ws/install/base_link_description/lib/python3.10/site-packages/base_link_description-0.0.0-py3.10.egg-info\n'}
[0.600905] (base_link_description) StdoutLine: {'line': b'running install_scripts\n'}
[0.600937] (-) TimerEvent: {}
[0.613633] (base_link_description) StdoutLine: {'line': b"writing list of installed files to '/home/host/ros2_ws/build/base_link_description/install.log'\n"}
[0.627339] (base_link_description) CommandEnded: {'returncode': 0}
[0.636517] (base_link_description) JobEnded: {'identifier': 'base_link_description', 'rc': 0}
[0.636802] (-) EventReactorShutdown: {}
