[0.462s] Invoking command in '/home/host/ros2_ws/src/base_link_description': PYTHONPATH=/home/host/ros2_ws/build/base_link_description/prefix_override:/usr/lib/python3/dist-packages/colcon_core/task/python/colcon_distutils_commands:/home/host/ros2_ws/install/base_link_description/lib/python3.10/site-packages:${PYTHONPATH} /usr/bin/python3 -W ignore:setup.py install is deprecated setup.py egg_info --egg-base ../../build/base_link_description build --build-base /home/host/ros2_ws/build/base_link_description/build install --record /home/host/ros2_ws/build/base_link_description/install.log --install-scripts $base/lib/base_link_description --single-version-externally-managed install_data
[0.588s] /usr/lib/python3/dist-packages/setuptools/dist.py:723: UserWarning: Usage of dash-separated 'script-dir' will not be supported in future versions. Please use the underscore name 'script_dir' instead
[0.588s]   warnings.warn(
[0.593s] running egg_info
[0.593s] creating ../../build/base_link_description/base_link_description.egg-info
[0.593s] writing ../../build/base_link_description/base_link_description.egg-info/PKG-INFO
[0.594s] writing dependency_links to ../../build/base_link_description/base_link_description.egg-info/dependency_links.txt
[0.594s] writing entry points to ../../build/base_link_description/base_link_description.egg-info/entry_points.txt
[0.594s] writing requirements to ../../build/base_link_description/base_link_description.egg-info/requires.txt
[0.594s] writing top-level names to ../../build/base_link_description/base_link_description.egg-info/top_level.txt
[0.594s] writing manifest file '../../build/base_link_description/base_link_description.egg-info/SOURCES.txt'
[0.595s] reading manifest file '../../build/base_link_description/base_link_description.egg-info/SOURCES.txt'
[0.595s] writing manifest file '../../build/base_link_description/base_link_description.egg-info/SOURCES.txt'
[0.595s] running build
[0.595s] running build_py
[0.595s] creating /home/host/ros2_ws/build/base_link_description/build
[0.595s] creating /home/host/ros2_ws/build/base_link_description/build/lib
[0.596s] creating /home/host/ros2_ws/build/base_link_description/build/lib/base_link_description
[0.596s] copying base_link_description/__init__.py -> /home/host/ros2_ws/build/base_link_description/build/lib/base_link_description
[0.596s] running install
[0.596s] running install_lib
[0.596s] creating /home/host/ros2_ws/install/base_link_description/lib/python3.10/site-packages/base_link_description
[0.596s] copying /home/host/ros2_ws/build/base_link_description/build/lib/base_link_description/__init__.py -> /home/host/ros2_ws/install/base_link_description/lib/python3.10/site-packages/base_link_description
[0.596s] byte-compiling /home/host/ros2_ws/install/base_link_description/lib/python3.10/site-packages/base_link_description/__init__.py to __init__.cpython-310.pyc
[0.596s] running install_data
[0.597s] creating /home/host/ros2_ws/install/base_link_description/share/ament_index
[0.597s] creating /home/host/ros2_ws/install/base_link_description/share/ament_index/resource_index
[0.597s] creating /home/host/ros2_ws/install/base_link_description/share/ament_index/resource_index/packages
[0.597s] copying resource/base_link_description -> /home/host/ros2_ws/install/base_link_description/share/ament_index/resource_index/packages
[0.597s] copying package.xml -> /home/host/ros2_ws/install/base_link_description/share/base_link_description
[0.597s] creating /home/host/ros2_ws/install/base_link_description/share/base_link_description/launch
[0.597s] copying launch/display.launch.py -> /home/host/ros2_ws/install/base_link_description/share/base_link_description/launch
[0.597s] copying launch/gazebo.launch.py -> /home/host/ros2_ws/install/base_link_description/share/base_link_description/launch
[0.597s] creating /home/host/ros2_ws/install/base_link_description/share/base_link_description/urdf
[0.597s] copying urdf/base_link.gazebo -> /home/host/ros2_ws/install/base_link_description/share/base_link_description/urdf
[0.597s] copying urdf/base_link.trans -> /home/host/ros2_ws/install/base_link_description/share/base_link_description/urdf
[0.597s] copying urdf/materials.xacro -> /home/host/ros2_ws/install/base_link_description/share/base_link_description/urdf
[0.597s] copying urdf/base_link.xacro -> /home/host/ros2_ws/install/base_link_description/share/base_link_description/urdf
[0.597s] creating /home/host/ros2_ws/install/base_link_description/share/base_link_description/meshes
[0.597s] copying meshes/link1_1.stl -> /home/host/ros2_ws/install/base_link_description/share/base_link_description/meshes
[0.597s] copying meshes/link2_1.stl -> /home/host/ros2_ws/install/base_link_description/share/base_link_description/meshes
[0.597s] copying meshes/limb3_1.stl -> /home/host/ros2_ws/install/base_link_description/share/base_link_description/meshes
[0.598s] copying meshes/base_link.stl -> /home/host/ros2_ws/install/base_link_description/share/base_link_description/meshes
[0.598s] copying meshes/limb2_1.stl -> /home/host/ros2_ws/install/base_link_description/share/base_link_description/meshes
[0.598s] copying meshes/link3_1.stl -> /home/host/ros2_ws/install/base_link_description/share/base_link_description/meshes
[0.599s] copying meshes/limb1_1.stl -> /home/host/ros2_ws/install/base_link_description/share/base_link_description/meshes
[0.599s] creating /home/host/ros2_ws/install/base_link_description/share/base_link_description/config
[0.599s] copying config/display.rviz -> /home/host/ros2_ws/install/base_link_description/share/base_link_description/config
[0.599s] running install_egg_info
[0.600s] Copying ../../build/base_link_description/base_link_description.egg-info to /home/host/ros2_ws/install/base_link_description/lib/python3.10/site-packages/base_link_description-0.0.0-py3.10.egg-info
[0.600s] running install_scripts
[0.613s] writing list of installed files to '/home/host/ros2_ws/build/base_link_description/install.log'
[0.627s] Invoked command in '/home/host/ros2_ws/src/base_link_description' returned '0': PYTHONPATH=/home/host/ros2_ws/build/base_link_description/prefix_override:/usr/lib/python3/dist-packages/colcon_core/task/python/colcon_distutils_commands:/home/host/ros2_ws/install/base_link_description/lib/python3.10/site-packages:${PYTHONPATH} /usr/bin/python3 -W ignore:setup.py install is deprecated setup.py egg_info --egg-base ../../build/base_link_description build --build-base /home/host/ros2_ws/build/base_link_description/build install --record /home/host/ros2_ws/build/base_link_description/install.log --install-scripts $base/lib/base_link_description --single-version-externally-managed install_data
