/home/host/ros2_ws/src/install/base_link_description/lib/python3.10/site-packages/base_link_description/__init__.py
/home/host/ros2_ws/src/install/base_link_description/lib/python3.10/site-packages/base_link_description/__pycache__/__init__.cpython-310.pyc
/home/host/ros2_ws/src/install/base_link_description/share/ament_index/resource_index/packages/base_link_description
/home/host/ros2_ws/src/install/base_link_description/share/base_link_description/package.xml
/home/host/ros2_ws/src/install/base_link_description/share/base_link_description/launch/display.launch.py
/home/host/ros2_ws/src/install/base_link_description/share/base_link_description/launch/gazebo.launch.py
/home/host/ros2_ws/src/install/base_link_description/share/base_link_description/urdf/base_link.gazebo
/home/host/ros2_ws/src/install/base_link_description/share/base_link_description/urdf/base_link.trans
/home/host/ros2_ws/src/install/base_link_description/share/base_link_description/urdf/materials.xacro
/home/host/ros2_ws/src/install/base_link_description/share/base_link_description/urdf/base_link.xacro
/home/host/ros2_ws/src/install/base_link_description/share/base_link_description/meshes/link1_1.stl
/home/host/ros2_ws/src/install/base_link_description/share/base_link_description/meshes/link2_1.stl
/home/host/ros2_ws/src/install/base_link_description/share/base_link_description/meshes/limb3_1.stl
/home/host/ros2_ws/src/install/base_link_description/share/base_link_description/meshes/base_link.stl
/home/host/ros2_ws/src/install/base_link_description/share/base_link_description/meshes/limb2_1.stl
/home/host/ros2_ws/src/install/base_link_description/share/base_link_description/meshes/link3_1.stl
/home/host/ros2_ws/src/install/base_link_description/share/base_link_description/meshes/limb1_1.stl
/home/host/ros2_ws/src/install/base_link_description/share/base_link_description/config/display.rviz
/home/host/ros2_ws/src/install/base_link_description/lib/python3.10/site-packages/base_link_description-0.0.0-py3.10.egg-info/requires.txt
/home/host/ros2_ws/src/install/base_link_description/lib/python3.10/site-packages/base_link_description-0.0.0-py3.10.egg-info/dependency_links.txt
/home/host/ros2_ws/src/install/base_link_description/lib/python3.10/site-packages/base_link_description-0.0.0-py3.10.egg-info/PKG-INFO
/home/host/ros2_ws/src/install/base_link_description/lib/python3.10/site-packages/base_link_description-0.0.0-py3.10.egg-info/SOURCES.txt
/home/host/ros2_ws/src/install/base_link_description/lib/python3.10/site-packages/base_link_description-0.0.0-py3.10.egg-info/top_level.txt
/home/host/ros2_ws/src/install/base_link_description/lib/python3.10/site-packages/base_link_description-0.0.0-py3.10.egg-info/zip-safe
/home/host/ros2_ws/src/install/base_link_description/lib/python3.10/site-packages/base_link_description-0.0.0-py3.10.egg-info/entry_points.txt
