[0.000000] (-) TimerEvent: {}
[0.000279] (base_link_description) JobQueued: {'identifier': 'base_link_description', 'dependencies': OrderedDict()}
[0.000441] (base_link_description) JobStarted: {'identifier': 'base_link_description'}
[0.099845] (-) TimerEvent: {}
[0.200118] (-) TimerEvent: {}
[0.300359] (-) TimerEvent: {}
[0.400607] (-) TimerEvent: {}
[0.500869] (-) TimerEvent: {}
[0.509653] (base_link_description) Command: {'cmd': ['/usr/bin/python3', '-W', 'ignore:setup.py install is deprecated', 'setup.py', 'egg_info', '--egg-base', '../build/base_link_description', 'build', '--build-base', '/home/host/ros2_ws/src/build/base_link_description/build', 'install', '--record', '/home/host/ros2_ws/src/build/base_link_description/install.log', '--install-scripts', '$base/lib/base_link_description', '--single-version-externally-managed', 'install_data'], 'cwd': '/home/host/ros2_ws/src/base_link_description', 'env': {'HOSTNAME': 'parsabook', 'SHLVL': '1', 'LD_LIBRARY_PATH': '/usr/lib/x86_64-linux-gnu/gazebo-11/plugins:/opt/ros/humble/opt/rviz_ogre_vendor/lib:/opt/ros/humble/lib/x86_64-linux-gnu:/opt/ros/humble/lib', 'HOME': '/home/host', 'OLDPWD': '/home/host', 'ROS_PYTHON_VERSION': '3', 'COLCON_PREFIX_PATH': '/home/host/ros2_ws/install', 'ROS_DISTRO': 'humble', '_': '/usr/bin/colcon', 'ROS_VERSION': '2', 'TERM': 'xterm', 'ROS_LOCALHOST_ONLY': '0', 'PATH': '/opt/ros/humble/bin:/usr/local/sbin:/usr/local/bin:/usr/sbin:/usr/bin:/sbin:/bin', 'DISPLAY': ':1', 'LANG': 'C.UTF-8', 'AMENT_PREFIX_PATH': '/home/host/ros2_ws/install/base_link_description:/opt/ros/humble', 'PWD': '/home/host/ros2_ws/src/build/base_link_description', 'LC_ALL': 'C.UTF-8', 'PYTHONPATH': '/home/host/ros2_ws/src/build/base_link_description/prefix_override:/usr/lib/python3/dist-packages/colcon_core/task/python/colcon_distutils_commands:/home/host/ros2_ws/src/install/base_link_description/lib/python3.10/site-packages:/home/host/ros2_ws/install/base_link_description/lib/python3.10/site-packages:/opt/ros/humble/lib/python3.10/site-packages:/opt/ros/humble/local/lib/python3.10/dist-packages', 'TZ': 'America/Sao_Paulo', 'COLCON': '1'}, 'shell': False}
[0.601010] (-) TimerEvent: {}
[0.637425] (base_link_description) StderrLine: {'line': b"/usr/lib/python3/dist-packages/setuptools/dist.py:723: UserWarning: Usage of dash-separated 'script-dir' will not be supported in future versions. Please use the underscore name 'script_dir' instead\n"}
[0.637550] (base_link_description) StderrLine: {'line': b'  warnings.warn(\n'}
[0.642190] (base_link_description) StdoutLine: {'line': b'running egg_info\n'}
[0.642592] (base_link_description) StdoutLine: {'line': b'creating ../build/base_link_description/base_link_description.egg-info\n'}
[0.642763] (base_link_description) StdoutLine: {'line': b'writing ../build/base_link_description/base_link_description.egg-info/PKG-INFO\n'}
[0.642824] (base_link_description) StdoutLine: {'line': b'writing dependency_links to ../build/base_link_description/base_link_description.egg-info/dependency_links.txt\n'}
[0.642862] (base_link_description) StdoutLine: {'line': b'writing entry points to ../build/base_link_description/base_link_description.egg-info/entry_points.txt\n'}
[0.642895] (base_link_description) StdoutLine: {'line': b'writing requirements to ../build/base_link_description/base_link_description.egg-info/requires.txt\n'}
[0.642927] (base_link_description) StdoutLine: {'line': b'writing top-level names to ../build/base_link_description/base_link_description.egg-info/top_level.txt\n'}
[0.643047] (base_link_description) StdoutLine: {'line': b"writing manifest file '../build/base_link_description/base_link_description.egg-info/SOURCES.txt'\n"}
[0.643891] (base_link_description) StdoutLine: {'line': b"reading manifest file '../build/base_link_description/base_link_description.egg-info/SOURCES.txt'\n"}
[0.644417] (base_link_description) StdoutLine: {'line': b"writing manifest file '../build/base_link_description/base_link_description.egg-info/SOURCES.txt'\n"}
[0.644485] (base_link_description) StdoutLine: {'line': b'running build\n'}
[0.644522] (base_link_description) StdoutLine: {'line': b'running build_py\n'}
[0.644583] (base_link_description) StdoutLine: {'line': b'creating /home/host/ros2_ws/src/build/base_link_description/build\n'}
[0.644616] (base_link_description) StdoutLine: {'line': b'creating /home/host/ros2_ws/src/build/base_link_description/build/lib\n'}
[0.644648] (base_link_description) StdoutLine: {'line': b'creating /home/host/ros2_ws/src/build/base_link_description/build/lib/base_link_description\n'}
[0.644681] (base_link_description) StdoutLine: {'line': b'copying base_link_description/__init__.py -> /home/host/ros2_ws/src/build/base_link_description/build/lib/base_link_description\n'}
[0.644736] (base_link_description) StdoutLine: {'line': b'running install\n'}
[0.644795] (base_link_description) StdoutLine: {'line': b'running install_lib\n'}
[0.645258] (base_link_description) StdoutLine: {'line': b'creating /home/host/ros2_ws/src/install/base_link_description/lib/python3.10/site-packages/base_link_description\n'}
[0.645323] (base_link_description) StdoutLine: {'line': b'copying /home/host/ros2_ws/src/build/base_link_description/build/lib/base_link_description/__init__.py -> /home/host/ros2_ws/src/install/base_link_description/lib/python3.10/site-packages/base_link_description\n'}
[0.645578] (base_link_description) StdoutLine: {'line': b'byte-compiling /home/host/ros2_ws/src/install/base_link_description/lib/python3.10/site-packages/base_link_description/__init__.py to __init__.cpython-310.pyc\n'}
[0.645658] (base_link_description) StdoutLine: {'line': b'running install_data\n'}
[0.645718] (base_link_description) StdoutLine: {'line': b'creating /home/host/ros2_ws/src/install/base_link_description/share/ament_index\n'}
[0.645754] (base_link_description) StdoutLine: {'line': b'creating /home/host/ros2_ws/src/install/base_link_description/share/ament_index/resource_index\n'}
[0.645788] (base_link_description) StdoutLine: {'line': b'creating /home/host/ros2_ws/src/install/base_link_description/share/ament_index/resource_index/packages\n'}
[0.645836] (base_link_description) StdoutLine: {'line': b'copying resource/base_link_description -> /home/host/ros2_ws/src/install/base_link_description/share/ament_index/resource_index/packages\n'}
[0.645870] (base_link_description) StdoutLine: {'line': b'copying package.xml -> /home/host/ros2_ws/src/install/base_link_description/share/base_link_description\n'}
[0.645919] (base_link_description) StdoutLine: {'line': b'creating /home/host/ros2_ws/src/install/base_link_description/share/base_link_description/launch\n'}
[0.645952] (base_link_description) StdoutLine: {'line': b'copying launch/display.launch.py -> /home/host/ros2_ws/src/install/base_link_description/share/base_link_description/launch\n'}
[0.646000] (base_link_description) StdoutLine: {'line': b'copying launch/gazebo.launch.py -> /home/host/ros2_ws/src/install/base_link_description/share/base_link_description/launch\n'}
[0.646032] (base_link_description) StdoutLine: {'line': b'creating /home/host/ros2_ws/src/install/base_link_description/share/base_link_description/urdf\n'}
[0.646083] (base_link_description) StdoutLine: {'line': b'copying urdf/base_link.gazebo -> /home/host/ros2_ws/src/install/base_link_description/share/base_link_description/urdf\n'}
[0.646119] (base_link_description) StdoutLine: {'line': b'copying urdf/base_link.trans -> /home/host/ros2_ws/src/install/base_link_description/share/base_link_description/urdf\n'}
[0.646166] (base_link_description) StdoutLine: {'line': b'copying urdf/materials.xacro -> /home/host/ros2_ws/src/install/base_link_description/share/base_link_description/urdf\n'}
[0.646217] (base_link_description) StdoutLine: {'line': b'copying urdf/base_link.xacro -> /home/host/ros2_ws/src/install/base_link_description/share/base_link_description/urdf\n'}
[0.646261] (base_link_description) StdoutLine: {'line': b'creating /home/host/ros2_ws/src/install/base_link_description/share/base_link_description/meshes\n'}
[0.646306] (base_link_description) StdoutLine: {'line': b'copying meshes/link1_1.stl -> /home/host/ros2_ws/src/install/base_link_description/share/base_link_description/meshes\n'}
[0.646387] (base_link_description) StdoutLine: {'line': b'copying meshes/link2_1.stl -> /home/host/ros2_ws/src/install/base_link_description/share/base_link_description/meshes\n'}
[0.646477] (base_link_description) StdoutLine: {'line': b'copying meshes/limb3_1.stl -> /home/host/ros2_ws/src/install/base_link_description/share/base_link_description/meshes\n'}
[0.646912] (base_link_description) StdoutLine: {'line': b'copying meshes/base_link.stl -> /home/host/ros2_ws/src/install/base_link_description/share/base_link_description/meshes\n'}
[0.647097] (base_link_description) StdoutLine: {'line': b'copying meshes/limb2_1.stl -> /home/host/ros2_ws/src/install/base_link_description/share/base_link_description/meshes\n'}
[0.647764] (base_link_description) StdoutLine: {'line': b'copying meshes/link3_1.stl -> /home/host/ros2_ws/src/install/base_link_description/share/base_link_description/meshes\n'}
[0.647845] (base_link_description) StdoutLine: {'line': b'copying meshes/limb1_1.stl -> /home/host/ros2_ws/src/install/base_link_description/share/base_link_description/meshes\n'}
[0.648140] (base_link_description) StdoutLine: {'line': b'creating /home/host/ros2_ws/src/install/base_link_description/share/base_link_description/config\n'}
[0.648203] (base_link_description) StdoutLine: {'line': b'copying config/display.rviz -> /home/host/ros2_ws/src/install/base_link_description/share/base_link_description/config\n'}
[0.648239] (base_link_description) StdoutLine: {'line': b'running install_egg_info\n'}
[0.649294] (base_link_description) StdoutLine: {'line': b'Copying ../build/base_link_description/base_link_description.egg-info to /home/host/ros2_ws/src/install/base_link_description/lib/python3.10/site-packages/base_link_description-0.0.0-py3.10.egg-info\n'}
[0.649763] (base_link_description) StdoutLine: {'line': b'running install_scripts\n'}
[0.662290] (base_link_description) StdoutLine: {'line': b"writing list of installed files to '/home/host/ros2_ws/src/build/base_link_description/install.log'\n"}
[0.674362] (base_link_description) CommandEnded: {'returncode': 0}
[0.682563] (base_link_description) JobEnded: {'identifier': 'base_link_description', 'rc': 0}
[0.682893] (-) EventReactorShutdown: {}
