running egg_info
creating ../build/base_link_description/base_link_description.egg-info
writing ../build/base_link_description/base_link_description.egg-info/PKG-INFO
writing dependency_links to ../build/base_link_description/base_link_description.egg-info/dependency_links.txt
writing entry points to ../build/base_link_description/base_link_description.egg-info/entry_points.txt
writing requirements to ../build/base_link_description/base_link_description.egg-info/requires.txt
writing top-level names to ../build/base_link_description/base_link_description.egg-info/top_level.txt
writing manifest file '../build/base_link_description/base_link_description.egg-info/SOURCES.txt'
reading manifest file '../build/base_link_description/base_link_description.egg-info/SOURCES.txt'
writing manifest file '../build/base_link_description/base_link_description.egg-info/SOURCES.txt'
running build
running build_py
creating /home/host/ros2_ws/src/build/base_link_description/build
creating /home/host/ros2_ws/src/build/base_link_description/build/lib
creating /home/host/ros2_ws/src/build/base_link_description/build/lib/base_link_description
copying base_link_description/__init__.py -> /home/host/ros2_ws/src/build/base_link_description/build/lib/base_link_description
running install
running install_lib
creating /home/host/ros2_ws/src/install/base_link_description/lib/python3.10/site-packages/base_link_description
copying /home/host/ros2_ws/src/build/base_link_description/build/lib/base_link_description/__init__.py -> /home/host/ros2_ws/src/install/base_link_description/lib/python3.10/site-packages/base_link_description
byte-compiling /home/host/ros2_ws/src/install/base_link_description/lib/python3.10/site-packages/base_link_description/__init__.py to __init__.cpython-310.pyc
running install_data
creating /home/host/ros2_ws/src/install/base_link_description/share/ament_index
creating /home/host/ros2_ws/src/install/base_link_description/share/ament_index/resource_index
creating /home/host/ros2_ws/src/install/base_link_description/share/ament_index/resource_index/packages
copying resource/base_link_description -> /home/host/ros2_ws/src/install/base_link_description/share/ament_index/resource_index/packages
copying package.xml -> /home/host/ros2_ws/src/install/base_link_description/share/base_link_description
creating /home/host/ros2_ws/src/install/base_link_description/share/base_link_description/launch
copying launch/display.launch.py -> /home/host/ros2_ws/src/install/base_link_description/share/base_link_description/launch
copying launch/gazebo.launch.py -> /home/host/ros2_ws/src/install/base_link_description/share/base_link_description/launch
creating /home/host/ros2_ws/src/install/base_link_description/share/base_link_description/urdf
copying urdf/base_link.gazebo -> /home/host/ros2_ws/src/install/base_link_description/share/base_link_description/urdf
copying urdf/base_link.trans -> /home/host/ros2_ws/src/install/base_link_description/share/base_link_description/urdf
copying urdf/materials.xacro -> /home/host/ros2_ws/src/install/base_link_description/share/base_link_description/urdf
copying urdf/base_link.xacro -> /home/host/ros2_ws/src/install/base_link_description/share/base_link_description/urdf
creating /home/host/ros2_ws/src/install/base_link_description/share/base_link_description/meshes
copying meshes/link1_1.stl -> /home/host/ros2_ws/src/install/base_link_description/share/base_link_description/meshes
copying meshes/link2_1.stl -> /home/host/ros2_ws/src/install/base_link_description/share/base_link_description/meshes
copying meshes/limb3_1.stl -> /home/host/ros2_ws/src/install/base_link_description/share/base_link_description/meshes
copying meshes/base_link.stl -> /home/host/ros2_ws/src/install/base_link_description/share/base_link_description/meshes
copying meshes/limb2_1.stl -> /home/host/ros2_ws/src/install/base_link_description/share/base_link_description/meshes
copying meshes/link3_1.stl -> /home/host/ros2_ws/src/install/base_link_description/share/base_link_description/meshes
copying meshes/limb1_1.stl -> /home/host/ros2_ws/src/install/base_link_description/share/base_link_description/meshes
creating /home/host/ros2_ws/src/install/base_link_description/share/base_link_description/config
copying config/display.rviz -> /home/host/ros2_ws/src/install/base_link_description/share/base_link_description/config
running install_egg_info
Copying ../build/base_link_description/base_link_description.egg-info to /home/host/ros2_ws/src/install/base_link_description/lib/python3.10/site-packages/base_link_description-0.0.0-py3.10.egg-info
running install_scripts
writing list of installed files to '/home/host/ros2_ws/src/build/base_link_description/install.log'
