[0.510s] Invoking command in '/home/host/ros2_ws/src/base_link_description': PYTHONPATH=/home/host/ros2_ws/src/build/base_link_description/prefix_override:/usr/lib/python3/dist-packages/colcon_core/task/python/colcon_distutils_commands:/home/host/ros2_ws/src/install/base_link_description/lib/python3.10/site-packages:${PYTHONPATH} /usr/bin/python3 -W ignore:setup.py install is deprecated setup.py egg_info --egg-base ../build/base_link_description build --build-base /home/host/ros2_ws/src/build/base_link_description/build install --record /home/host/ros2_ws/src/build/base_link_description/install.log --install-scripts $base/lib/base_link_description --single-version-externally-managed install_data
[0.637s] /usr/lib/python3/dist-packages/setuptools/dist.py:723: UserWarning: Usage of dash-separated 'script-dir' will not be supported in future versions. Please use the underscore name 'script_dir' instead
[0.637s]   warnings.warn(
[0.642s] running egg_info
[0.642s] creating ../build/base_link_description/base_link_description.egg-info
[0.642s] writing ../build/base_link_description/base_link_description.egg-info/PKG-INFO
[0.642s] writing dependency_links to ../build/base_link_description/base_link_description.egg-info/dependency_links.txt
[0.642s] writing entry points to ../build/base_link_description/base_link_description.egg-info/entry_points.txt
[0.642s] writing requirements to ../build/base_link_description/base_link_description.egg-info/requires.txt
[0.643s] writing top-level names to ../build/base_link_description/base_link_description.egg-info/top_level.txt
[0.643s] writing manifest file '../build/base_link_description/base_link_description.egg-info/SOURCES.txt'
[0.643s] reading manifest file '../build/base_link_description/base_link_description.egg-info/SOURCES.txt'
[0.644s] writing manifest file '../build/base_link_description/base_link_description.egg-info/SOURCES.txt'
[0.644s] running build
[0.644s] running build_py
[0.644s] creating /home/host/ros2_ws/src/build/base_link_description/build
[0.644s] creating /home/host/ros2_ws/src/build/base_link_description/build/lib
[0.644s] creating /home/host/ros2_ws/src/build/base_link_description/build/lib/base_link_description
[0.644s] copying base_link_description/__init__.py -> /home/host/ros2_ws/src/build/base_link_description/build/lib/base_link_description
[0.644s] running install
[0.644s] running install_lib
[0.645s] creating /home/host/ros2_ws/src/install/base_link_description/lib/python3.10/site-packages/base_link_description
[0.645s] copying /home/host/ros2_ws/src/build/base_link_description/build/lib/base_link_description/__init__.py -> /home/host/ros2_ws/src/install/base_link_description/lib/python3.10/site-packages/base_link_description
[0.645s] byte-compiling /home/host/ros2_ws/src/install/base_link_description/lib/python3.10/site-packages/base_link_description/__init__.py to __init__.cpython-310.pyc
[0.645s] running install_data
[0.645s] creating /home/host/ros2_ws/src/install/base_link_description/share/ament_index
[0.645s] creating /home/host/ros2_ws/src/install/base_link_description/share/ament_index/resource_index
[0.645s] creating /home/host/ros2_ws/src/install/base_link_description/share/ament_index/resource_index/packages
[0.645s] copying resource/base_link_description -> /home/host/ros2_ws/src/install/base_link_description/share/ament_index/resource_index/packages
[0.645s] copying package.xml -> /home/host/ros2_ws/src/install/base_link_description/share/base_link_description
[0.645s] creating /home/host/ros2_ws/src/install/base_link_description/share/base_link_description/launch
[0.646s] copying launch/display.launch.py -> /home/host/ros2_ws/src/install/base_link_description/share/base_link_description/launch
[0.646s] copying launch/gazebo.launch.py -> /home/host/ros2_ws/src/install/base_link_description/share/base_link_description/launch
[0.646s] creating /home/host/ros2_ws/src/install/base_link_description/share/base_link_description/urdf
[0.646s] copying urdf/base_link.gazebo -> /home/host/ros2_ws/src/install/base_link_description/share/base_link_description/urdf
[0.646s] copying urdf/base_link.trans -> /home/host/ros2_ws/src/install/base_link_description/share/base_link_description/urdf
[0.646s] copying urdf/materials.xacro -> /home/host/ros2_ws/src/install/base_link_description/share/base_link_description/urdf
[0.646s] copying urdf/base_link.xacro -> /home/host/ros2_ws/src/install/base_link_description/share/base_link_description/urdf
[0.646s] creating /home/host/ros2_ws/src/install/base_link_description/share/base_link_description/meshes
[0.646s] copying meshes/link1_1.stl -> /home/host/ros2_ws/src/install/base_link_description/share/base_link_description/meshes
[0.646s] copying meshes/link2_1.stl -> /home/host/ros2_ws/src/install/base_link_description/share/base_link_description/meshes
[0.646s] copying meshes/limb3_1.stl -> /home/host/ros2_ws/src/install/base_link_description/share/base_link_description/meshes
[0.646s] copying meshes/base_link.stl -> /home/host/ros2_ws/src/install/base_link_description/share/base_link_description/meshes
[0.647s] copying meshes/limb2_1.stl -> /home/host/ros2_ws/src/install/base_link_description/share/base_link_description/meshes
[0.647s] copying meshes/link3_1.stl -> /home/host/ros2_ws/src/install/base_link_description/share/base_link_description/meshes
[0.647s] copying meshes/limb1_1.stl -> /home/host/ros2_ws/src/install/base_link_description/share/base_link_description/meshes
[0.648s] creating /home/host/ros2_ws/src/install/base_link_description/share/base_link_description/config
[0.648s] copying config/display.rviz -> /home/host/ros2_ws/src/install/base_link_description/share/base_link_description/config
[0.648s] running install_egg_info
[0.649s] Copying ../build/base_link_description/base_link_description.egg-info to /home/host/ros2_ws/src/install/base_link_description/lib/python3.10/site-packages/base_link_description-0.0.0-py3.10.egg-info
[0.649s] running install_scripts
[0.662s] writing list of installed files to '/home/host/ros2_ws/src/build/base_link_description/install.log'
[0.674s] Invoked command in '/home/host/ros2_ws/src/base_link_description' returned '0': PYTHONPATH=/home/host/ros2_ws/src/build/base_link_description/prefix_override:/usr/lib/python3/dist-packages/colcon_core/task/python/colcon_distutils_commands:/home/host/ros2_ws/src/install/base_link_description/lib/python3.10/site-packages:${PYTHONPATH} /usr/bin/python3 -W ignore:setup.py install is deprecated setup.py egg_info --egg-base ../build/base_link_description build --build-base /home/host/ros2_ws/src/build/base_link_description/build install --record /home/host/ros2_ws/src/build/base_link_description/install.log --install-scripts $base/lib/base_link_description --single-version-externally-managed install_data
